[debug] [2026-02-24T19:06:08.009Z] ----------------------------------------------------------------------
[debug] [2026-02-24T19:06:08.013Z] Command:       C:\Program Files\nodejs\node.exe C:\Users\harry\AppData\Roaming\npm\node_modules\firebase-tools\lib\bin\firebase.js init hosting
[debug] [2026-02-24T19:06:08.014Z] CLI Version:   15.7.0
[debug] [2026-02-24T19:06:08.014Z] Platform:      win32
[debug] [2026-02-24T19:06:08.014Z] Node Version:  v22.17.1
[debug] [2026-02-24T19:06:08.015Z] Time:          Tue Feb 24 2026 14:06:08 GMT-0500 (Eastern Standard Time)
[debug] [2026-02-24T19:06:08.015Z] ----------------------------------------------------------------------
[debug] 
[info] 
     ######## #### ########  ######## ########     ###     ######  ########
     ##        ##  ##     ## ##       ##     ##  ##   ##  ##       ##
     ######    ##  ########  ######   ########  #########  ######  ######
     ##        ##  ##    ##  ##       ##     ## ##     ##       ## ##
     ##       #### ##     ## ######## ########  ##     ##  ######  ########

You're about to initialize a Firebase project in this directory:

  C:\Users\harry\Documents\Coding Projects\HCD Portfolio\Portfolio_Website-main

[info] 
=== Project Setup
[info] 
[info] First, let's associate this project directory with a Firebase project.
[info] You can create multiple project aliases by running firebase use --add, 
[info] 
[info] i  If you want to create a project in a Google Cloud organization or folder, please use "firebase projects:create" instead, and return to this command when you've created the project. 
[debug] [2026-02-24T19:06:14.208Z] > command requires scopes: ["email","openid","https://www.googleapis.com/auth/cloudplatformprojects.readonly","https://www.googleapis.com/auth/firebase","https://www.googleapis.com/auth/cloud-platform"]
[debug] [2026-02-24T19:06:14.208Z] > authorizing via signed-in user (hcd@experiolabs.ai)
[debug] [2026-02-24T19:06:16.993Z] Checked if tokens are valid: true, expires at: 1771963413426
[debug] [2026-02-24T19:06:16.993Z] Checked if tokens are valid: true, expires at: 1771963413426
[debug] [2026-02-24T19:06:16.995Z] >>> [apiv2][query] POST https://firebase.googleapis.com/v1/projects:checkProjectId [none]
[debug] [2026-02-24T19:06:16.996Z] >>> [apiv2][body] POST https://firebase.googleapis.com/v1/projects:checkProjectId {"proposedId":"hcd-portfolio"}
[debug] [2026-02-24T19:06:17.274Z] <<< [apiv2][status] POST https://firebase.googleapis.com/v1/projects:checkProjectId 200
[debug] [2026-02-24T19:06:17.274Z] <<< [apiv2][body] POST https://firebase.googleapis.com/v1/projects:checkProjectId {"projectIdStatus":"PROJECT_ID_AVAILABLE","suggestedProjectId":"hcd-portfolio"}
[debug] [2026-02-24T19:06:18.172Z] Checked if tokens are valid: true, expires at: 1771963413426
[debug] [2026-02-24T19:06:18.172Z] Checked if tokens are valid: true, expires at: 1771963413426
[debug] [2026-02-24T19:06:18.172Z] >>> [apiv2][query] POST https://cloudresourcemanager.googleapis.com/v1/projects [none]
[debug] [2026-02-24T19:06:18.172Z] >>> [apiv2][body] POST https://cloudresourcemanager.googleapis.com/v1/projects {"projectId":"hcd-portfolio","name":"hcd-portfolio"}
[debug] [2026-02-24T19:06:18.376Z] <<< [apiv2][status] POST https://cloudresourcemanager.googleapis.com/v1/projects 200
[debug] [2026-02-24T19:06:18.377Z] <<< [apiv2][body] POST https://cloudresourcemanager.googleapis.com/v1/projects {"name":"operations/create_project.global.6390800338310018527"}
[debug] [2026-02-24T19:06:18.379Z] Checked if tokens are valid: true, expires at: 1771963413426
[debug] [2026-02-24T19:06:18.379Z] Checked if tokens are valid: true, expires at: 1771963413426
[debug] [2026-02-24T19:06:18.380Z] >>> [apiv2][query] GET https://cloudresourcemanager.googleapis.com/v1/operations/create_project.global.6390800338310018527 [none]
[debug] [2026-02-24T19:06:18.476Z] <<< [apiv2][status] GET https://cloudresourcemanager.googleapis.com/v1/operations/create_project.global.6390800338310018527 200
[debug] [2026-02-24T19:06:18.477Z] <<< [apiv2][body] GET https://cloudresourcemanager.googleapis.com/v1/operations/create_project.global.6390800338310018527 {"name":"operations/create_project.global.6390800338310018527"}
[debug] [2026-02-24T19:06:18.987Z] [Project Creation Poller] Retrying task index 0
[debug] [2026-02-24T19:06:18.989Z] Checked if tokens are valid: true, expires at: 1771963413426
[debug] [2026-02-24T19:06:18.989Z] Checked if tokens are valid: true, expires at: 1771963413426
[debug] [2026-02-24T19:06:18.989Z] >>> [apiv2][query] GET https://cloudresourcemanager.googleapis.com/v1/operations/create_project.global.6390800338310018527 [none]
[debug] [2026-02-24T19:06:19.095Z] <<< [apiv2][status] GET https://cloudresourcemanager.googleapis.com/v1/operations/create_project.global.6390800338310018527 200
[debug] [2026-02-24T19:06:19.096Z] <<< [apiv2][body] GET https://cloudresourcemanager.googleapis.com/v1/operations/create_project.global.6390800338310018527 {"name":"operations/create_project.global.6390800338310018527"}
[debug] [2026-02-24T19:06:20.107Z] [Project Creation Poller] Retrying task index 0
[debug] [2026-02-24T19:06:20.108Z] Checked if tokens are valid: true, expires at: 1771963413426
[debug] [2026-02-24T19:06:20.109Z] Checked if tokens are valid: true, expires at: 1771963413426
[debug] [2026-02-24T19:06:20.109Z] >>> [apiv2][query] GET https://cloudresourcemanager.googleapis.com/v1/operations/create_project.global.6390800338310018527 [none]
[debug] [2026-02-24T19:06:20.183Z] <<< [apiv2][status] GET https://cloudresourcemanager.googleapis.com/v1/operations/create_project.global.6390800338310018527 200
[debug] [2026-02-24T19:06:20.183Z] <<< [apiv2][body] GET https://cloudresourcemanager.googleapis.com/v1/operations/create_project.global.6390800338310018527 {"name":"operations/create_project.global.6390800338310018527","metadata":{"@type":"type.googleapis.com/google.cloudresourcemanager.v1.ProjectCreationStatus","gettable":true,"ready":true},"done":true,"response":{"@type":"type.googleapis.com/google.cloudresourcemanager.v1.Project","projectNumber":"162488441268","projectId":"hcd-portfolio","lifecycleState":"ACTIVE","name":"hcd-portfolio","createTime":"2026-02-24T19:06:19.266589Z","parent":{"type":"organization","id":"997241164857"}}}
[debug] [2026-02-24T19:06:20.185Z] Checked if tokens are valid: true, expires at: 1771963413426
[debug] [2026-02-24T19:06:20.185Z] Checked if tokens are valid: true, expires at: 1771963413426
[debug] [2026-02-24T19:06:20.185Z] >>> [apiv2][query] POST https://firebase.googleapis.com/v1beta1/projects/hcd-portfolio:addFirebase [none]
[debug] [2026-02-24T19:06:20.683Z] <<< [apiv2][status] POST https://firebase.googleapis.com/v1beta1/projects/hcd-portfolio:addFirebase 403
[debug] [2026-02-24T19:06:20.683Z] <<< [apiv2][body] POST https://firebase.googleapis.com/v1beta1/projects/hcd-portfolio:addFirebase {"error":{"code":403,"message":"The caller does not have permission","status":"PERMISSION_DENIED"}}
[debug] [2026-02-24T19:06:20.686Z] Request to https://firebase.googleapis.com/v1beta1/projects/hcd-portfolio:addFirebase had HTTP Error: 403, The caller does not have permission
[debug] [2026-02-24T19:06:20.690Z] FirebaseError: Request to https://firebase.googleapis.com/v1beta1/projects/hcd-portfolio:addFirebase had HTTP Error: 403, The caller does not have permission
    at responseToError (C:\Users\harry\AppData\Roaming\npm\node_modules\firebase-tools\lib\responseToError.js:53:12)
    at RetryOperation._fn (C:\Users\harry\AppData\Roaming\npm\node_modules\firebase-tools\lib\apiv2.js:330:77)
    at process.processTicksAndRejections (node:internal/process/task_queues:105:5)
[error] 
[error] Error: Failed to add Firebase to Google Cloud Platform project. See firebase-debug.log for more info.
[debug] [2026-02-24T19:07:26.179Z] ----------------------------------------------------------------------
[debug] [2026-02-24T19:07:26.182Z] Command:       C:\Program Files\nodejs\node.exe C:\Users\harry\AppData\Roaming\npm\node_modules\firebase-tools\lib\bin\firebase.js init hosting
[debug] [2026-02-24T19:07:26.183Z] CLI Version:   15.7.0
[debug] [2026-02-24T19:07:26.183Z] Platform:      win32
[debug] [2026-02-24T19:07:26.183Z] Node Version:  v22.17.1
[debug] [2026-02-24T19:07:26.184Z] Time:          Tue Feb 24 2026 14:07:26 GMT-0500 (Eastern Standard Time)
[debug] [2026-02-24T19:07:26.184Z] ----------------------------------------------------------------------
[debug] 
[info] 
     ######## #### ########  ######## ########     ###     ######  ########
     ##        ##  ##     ## ##       ##     ##  ##   ##  ##       ##
     ######    ##  ########  ######   ########  #########  ######  ######
     ##        ##  ##    ##  ##       ##     ## ##     ##       ## ##
     ##       #### ##     ## ######## ########  ##     ##  ######  ########

You're about to initialize a Firebase project in this directory:

  C:\Users\harry\Documents\Coding Projects\HCD Portfolio\Portfolio_Website-main

[info] 
=== Project Setup
[info] 
[info] First, let's associate this project directory with a Firebase project.
[info] You can create multiple project aliases by running firebase use --add, 
[info] 
[info] i  If you want to create a project in a Google Cloud organization or folder, please use "firebase projects:create" instead, and return to this command when you've created the project. 
[debug] [2026-02-24T19:07:33.545Z] > command requires scopes: ["email","openid","https://www.googleapis.com/auth/cloudplatformprojects.readonly","https://www.googleapis.com/auth/firebase","https://www.googleapis.com/auth/cloud-platform"]
[debug] [2026-02-24T19:07:33.545Z] > authorizing via signed-in user (hcd@experiolabs.ai)
[debug] [2026-02-24T19:07:35.917Z] Checked if tokens are valid: true, expires at: 1771963413426
[debug] [2026-02-24T19:07:35.917Z] Checked if tokens are valid: true, expires at: 1771963413426
[debug] [2026-02-24T19:07:35.919Z] >>> [apiv2][query] POST https://firebase.googleapis.com/v1/projects:checkProjectId [none]
[debug] [2026-02-24T19:07:35.919Z] >>> [apiv2][body] POST https://firebase.googleapis.com/v1/projects:checkProjectId {"proposedId":"hcd-port2"}
[debug] [2026-02-24T19:07:36.198Z] <<< [apiv2][status] POST https://firebase.googleapis.com/v1/projects:checkProjectId 200
[debug] [2026-02-24T19:07:36.198Z] <<< [apiv2][body] POST https://firebase.googleapis.com/v1/projects:checkProjectId {"projectIdStatus":"PROJECT_ID_AVAILABLE","suggestedProjectId":"hcd-port2"}
[debug] [2026-02-24T19:07:43.631Z] Checked if tokens are valid: true, expires at: 1771963413426
[debug] [2026-02-24T19:07:43.631Z] Checked if tokens are valid: true, expires at: 1771963413426
[debug] [2026-02-24T19:07:43.631Z] >>> [apiv2][query] POST https://cloudresourcemanager.googleapis.com/v1/projects [none]
[debug] [2026-02-24T19:07:43.631Z] >>> [apiv2][body] POST https://cloudresourcemanager.googleapis.com/v1/projects {"projectId":"hcd-port2","name":"hcd-port2"}
[debug] [2026-02-24T19:07:43.925Z] <<< [apiv2][status] POST https://cloudresourcemanager.googleapis.com/v1/projects 200
[debug] [2026-02-24T19:07:43.925Z] <<< [apiv2][body] POST https://cloudresourcemanager.googleapis.com/v1/projects {"name":"operations/create_project.global.7709162135731623342"}
[debug] [2026-02-24T19:07:43.928Z] Checked if tokens are valid: true, expires at: 1771963413426
[debug] [2026-02-24T19:07:43.928Z] Checked if tokens are valid: true, expires at: 1771963413426
[debug] [2026-02-24T19:07:43.929Z] >>> [apiv2][query] GET https://cloudresourcemanager.googleapis.com/v1/operations/create_project.global.7709162135731623342 [none]
[debug] [2026-02-24T19:07:44.027Z] <<< [apiv2][status] GET https://cloudresourcemanager.googleapis.com/v1/operations/create_project.global.7709162135731623342 200
[debug] [2026-02-24T19:07:44.028Z] <<< [apiv2][body] GET https://cloudresourcemanager.googleapis.com/v1/operations/create_project.global.7709162135731623342 {"name":"operations/create_project.global.7709162135731623342"}
[debug] [2026-02-24T19:07:44.542Z] [Project Creation Poller] Retrying task index 0
[debug] [2026-02-24T19:07:44.543Z] Checked if tokens are valid: true, expires at: 1771963413426
[debug] [2026-02-24T19:07:44.544Z] Checked if tokens are valid: true, expires at: 1771963413426
[debug] [2026-02-24T19:07:44.544Z] >>> [apiv2][query] GET https://cloudresourcemanager.googleapis.com/v1/operations/create_project.global.7709162135731623342 [none]
[debug] [2026-02-24T19:07:44.623Z] <<< [apiv2][status] GET https://cloudresourcemanager.googleapis.com/v1/operations/create_project.global.7709162135731623342 200
[debug] [2026-02-24T19:07:44.623Z] <<< [apiv2][body] GET https://cloudresourcemanager.googleapis.com/v1/operations/create_project.global.7709162135731623342 {"name":"operations/create_project.global.7709162135731623342"}
[debug] [2026-02-24T19:07:45.634Z] [Project Creation Poller] Retrying task index 0
[debug] [2026-02-24T19:07:45.635Z] Checked if tokens are valid: true, expires at: 1771963413426
[debug] [2026-02-24T19:07:45.636Z] Checked if tokens are valid: true, expires at: 1771963413426
[debug] [2026-02-24T19:07:45.636Z] >>> [apiv2][query] GET https://cloudresourcemanager.googleapis.com/v1/operations/create_project.global.7709162135731623342 [none]
[debug] [2026-02-24T19:07:45.716Z] <<< [apiv2][status] GET https://cloudresourcemanager.googleapis.com/v1/operations/create_project.global.7709162135731623342 200
[debug] [2026-02-24T19:07:45.716Z] <<< [apiv2][body] GET https://cloudresourcemanager.googleapis.com/v1/operations/create_project.global.7709162135731623342 {"name":"operations/create_project.global.7709162135731623342","metadata":{"@type":"type.googleapis.com/google.cloudresourcemanager.v1.ProjectCreationStatus","gettable":true,"ready":true},"done":true,"response":{"@type":"type.googleapis.com/google.cloudresourcemanager.v1.Project","projectNumber":"472125250341","projectId":"hcd-port2","lifecycleState":"ACTIVE","name":"hcd-port2","createTime":"2026-02-24T19:07:44.674179Z","parent":{"type":"organization","id":"997241164857"}}}
[debug] [2026-02-24T19:07:45.722Z] Checked if tokens are valid: true, expires at: 1771963413426
[debug] [2026-02-24T19:07:45.722Z] Checked if tokens are valid: true, expires at: 1771963413426
[debug] [2026-02-24T19:07:45.723Z] >>> [apiv2][query] POST https://firebase.googleapis.com/v1beta1/projects/hcd-port2:addFirebase [none]
[debug] [2026-02-24T19:07:46.180Z] <<< [apiv2][status] POST https://firebase.googleapis.com/v1beta1/projects/hcd-port2:addFirebase 403
[debug] [2026-02-24T19:07:46.181Z] <<< [apiv2][body] POST https://firebase.googleapis.com/v1beta1/projects/hcd-port2:addFirebase {"error":{"code":403,"message":"The caller does not have permission","status":"PERMISSION_DENIED"}}
[debug] [2026-02-24T19:07:46.184Z] Request to https://firebase.googleapis.com/v1beta1/projects/hcd-port2:addFirebase had HTTP Error: 403, The caller does not have permission
[debug] [2026-02-24T19:07:46.188Z] FirebaseError: Request to https://firebase.googleapis.com/v1beta1/projects/hcd-port2:addFirebase had HTTP Error: 403, The caller does not have permission
    at responseToError (C:\Users\harry\AppData\Roaming\npm\node_modules\firebase-tools\lib\responseToError.js:53:12)
    at RetryOperation._fn (C:\Users\harry\AppData\Roaming\npm\node_modules\firebase-tools\lib\apiv2.js:330:77)
    at process.processTicksAndRejections (node:internal/process/task_queues:105:5)
[error] 
[error] Error: Failed to add Firebase to Google Cloud Platform project. See firebase-debug.log for more info.
